0 info it worked if it ends with ok
1 verbose cli [ '/Users/alexcabrera/.nvm/v0.10.38/bin/node',
1 verbose cli   '/Users/alexcabrera/.nvm/v0.10.38/bin/npm',
1 verbose cli   'run',
1 verbose cli   'develop' ]
2 info using npm@1.4.28
3 info using node@v0.10.38
4 verbose run-script [ 'predevelop', 'develop', 'postdevelop' ]
5 info predevelop jwt-client@0.1.0
6 info develop jwt-client@0.1.0
7 verbose unsafe-perm in lifecycle true
8 info jwt-client@0.1.0 Failed to exec develop script
9 error jwt-client@0.1.0 develop: `npm install && ./node_modules/.bin/marqueestatic develop --verbose --use-cache`
9 error Exit status 8
10 error Failed at the jwt-client@0.1.0 develop script.
10 error This is most likely a problem with the jwt-client package,
10 error not with npm itself.
10 error Tell the author that this fails on your system:
10 error     npm install && ./node_modules/.bin/marqueestatic develop --verbose --use-cache
10 error You can get their info via:
10 error     npm owner ls jwt-client
10 error There is likely additional logging output above.
11 error System Darwin 14.4.0
12 error command "/Users/alexcabrera/.nvm/v0.10.38/bin/node" "/Users/alexcabrera/.nvm/v0.10.38/bin/npm" "run" "develop"
13 error cwd /Users/alexcabrera/Code/users-jwt-test/client
14 error node -v v0.10.38
15 error npm -v 1.4.28
16 error code ELIFECYCLE
17 verbose exit [ 1, true ]
